Flutter crash report.
Please report a bug at https://github.com/flutter/flutter/issues.

## command

flutter --no-color pub get

## exception

FileSystemException: FileSystemException: Deletion failed, path = '/Users/poppap/Desktop/test_qrcode_module/.ios' (OS Error: Directory not empty, errno = 66)

```
#0      _Directory._deleteSync (dart:io/directory_impl.dart:201:7)
#1      FileSystemEntity.deleteSync (dart:io/file_system_entity.dart:412:7)
#2      ForwardingFileSystemEntity.deleteSync (package:file/src/forwarding/forwarding_file_system_entity.dart:70:16)
#3      ErrorHandlingDirectory.deleteSync.<anonymous closure> (package:flutter_tools/src/base/error_handling_io.dart:486:22)
#4      _runSync (package:flutter_tools/src/base/error_handling_io.dart:597:14)
#5      ErrorHandlingDirectory.deleteSync (package:flutter_tools/src/base/error_handling_io.dart:485:12)
#6      ErrorHandlingFileSystem.deleteIfExists (package:flutter_tools/src/base/error_handling_io.dart:82:12)
#7      IosProject._regenerateFromTemplateIfNeeded (package:flutter_tools/src/xcode_project.dart:385:29)
#8      IosProject.ensureReadyForPlatformSpecificTooling (package:flutter_tools/src/xcode_project.dart:321:11)
#9      FlutterProject.ensureReadyForPlatformSpecificTooling (package:flutter_tools/src/project.dart:364:17)
<asynchronous suspension>
#10     PackagesGetCommand.runCommand (package:flutter_tools/src/commands/packages.dart:177:5)
<asynchronous suspension>
#11     FlutterCommand.run.<anonymous closure> (package:flutter_tools/src/runner/flutter_command.dart:1183:27)
<asynchronous suspension>
#12     AppContext.run.<anonymous closure> (package:flutter_tools/src/base/context.dart:150:19)
<asynchronous suspension>
#13     CommandRunner.runCommand (package:args/command_runner.dart:209:13)
<asynchronous suspension>
#14     FlutterCommandRunner.runCommand.<anonymous closure> (package:flutter_tools/src/runner/flutter_command_runner.dart:281:9)
<asynchronous suspension>
#15     AppContext.run.<anonymous closure> (package:flutter_tools/src/base/context.dart:150:19)
<asynchronous suspension>
#16     FlutterCommandRunner.runCommand (package:flutter_tools/src/runner/flutter_command_runner.dart:229:5)
<asynchronous suspension>
#17     run.<anonymous closure>.<anonymous closure> (package:flutter_tools/runner.dart:62:9)
<asynchronous suspension>
#18     AppContext.run.<anonymous closure> (package:flutter_tools/src/base/context.dart:150:19)
<asynchronous suspension>
#19     main (package:flutter_tools/executable.dart:94:3)
<asynchronous suspension>
```

## flutter doctor

```
[✓] Flutter (Channel stable, 3.0.5, on macOS 12.6 21G115 darwin-arm, locale en-TH)
    • Flutter version 3.0.5 at /Users/poppap/development/flutter
    • Upstream repository https://github.com/flutter/flutter.git
    • Framework revision f1875d570e (5 months ago), 2022-07-13 11:24:16 -0700
    • Engine revision e85ea0e79c
    • Dart version 2.17.6
    • DevTools version 2.12.2

[✓] Android toolchain - develop for Android devices (Android SDK version 31.0.0)
    • Android SDK at /Users/poppap/Library/Android/sdk
    • Platform android-33, build-tools 31.0.0
    • Java binary at: /Applications/Android Studio.app/Contents/jre/Contents/Home/bin/java
    • Java version OpenJDK Runtime Environment (build 11.0.12+0-b1504.28-7817840)
    • All Android licenses accepted.

[✓] Xcode - develop for iOS and macOS (Xcode 13.4.1)
    • Xcode at /Applications/Xcode.app/Contents/Developer
    • CocoaPods version 1.11.3

[✗] Chrome - develop for the web (Cannot find Chrome executable at /Applications/Google Chrome.app/Contents/MacOS/Google Chrome)
    ! Cannot find Chrome. Try setting CHROME_EXECUTABLE to a Chrome executable.

[✓] Android Studio (version 2021.2)
    • Android Studio at /Applications/Android Studio.app/Contents
    • Flutter plugin can be installed from:
      🔨 https://plugins.jetbrains.com/plugin/9212-flutter
    • Dart plugin can be installed from:
      🔨 https://plugins.jetbrains.com/plugin/6351-dart
    • Java version OpenJDK Runtime Environment (build 11.0.12+0-b1504.28-7817840)

[✓] VS Code (version 1.74.0)
    • VS Code at /Applications/Visual Studio Code.app/Contents
    • Flutter extension version 3.40.0

[✓] Connected device (2 available)
    • iPhone 12 (mobile) • 70514F49-8846-44F7-A46C-FEC019ABB8A6 • ios          • com.apple.CoreSimulator.SimRuntime.iOS-15-5 (simulator)
    • macOS (desktop)    • macos                                • darwin-arm64 • macOS 12.6 21G115 darwin-arm

[✓] HTTP Host Availability
    • All required HTTP hosts are available

! Doctor found issues in 1 category.
```
